  MainPrueba.cpp
C:\Users\DELL\Documents\ProyectoCompuGrafica\ProyectoFinal\MainPrueba.cpp(290,24): warning C4244: 'inicializando': conversión de 'double' a 'GLfloat'; posible pérdida de datos
C:\Users\DELL\Documents\ProyectoCompuGrafica\ProyectoFinal\MainPrueba.cpp(992,13): warning C4552: "-": el resultado de la expresión no se usa
C:\Users\DELL\Documents\ProyectoCompuGrafica\ProyectoFinal\MainPrueba.cpp(1105,11): warning C4244: '=': conversión de 'double' a 'GLfloat'; posible pérdida de datos
C:\Users\DELL\Documents\ProyectoCompuGrafica\ProyectoFinal\MainPrueba.cpp(1106,11): warning C4244: '=': conversión de 'double' a 'GLfloat'; posible pérdida de datos
C:\Users\DELL\Documents\ProyectoCompuGrafica\ProyectoFinal\MainPrueba.cpp(1110,18): warning C4244: 'inicializando': conversión de 'double' a 'GLfloat'; posible pérdida de datos
C:\Users\DELL\Documents\ProyectoCompuGrafica\ProyectoFinal\MainPrueba.cpp(1111,18): warning C4244: 'inicializando': conversión de 'double' a 'GLfloat'; posible pérdida de datos
C:\Users\DELL\Documents\ProyectoCompuGrafica\ProyectoFinal\MainPrueba.cpp(1113,10): warning C4244: '=': conversión de 'double' a 'GLfloat'; posible pérdida de datos
C:\Users\DELL\Documents\ProyectoCompuGrafica\ProyectoFinal\MainPrueba.cpp(1114,10): warning C4244: '=': conversión de 'double' a 'GLfloat'; posible pérdida de datos
soil2-debug.lib(SOIL2.obj) : warning LNK4075: se omite '/EDITANDCONTINUE' debido a la especificación '/OPT:ICF'
LINK : warning LNK4098: la biblioteca predeterminada'MSVCRTD' entra en conflicto con otras bibliotecas; use la biblioteca /NODEFAULTLIB:biblioteca
  Generando código
  606 of 618 functions (98.1%) were compiled, the rest were copied from previous compilation.
    6 functions were new in current compilation
    2 functions had inline decision re-evaluated but remain unchanged
  Generación de código finalizada
soil2-debug.lib(etc1_utils.obj) : warning LNK4099: no se encontró PDB '' con 'soil2-debug.lib(etc1_utils.obj)' o en ''; se vinculará el objeto sin tener en cuenta información de depuración
soil2-debug.lib(image_DXT.obj) : warning LNK4099: no se encontró PDB '' con 'soil2-debug.lib(image_DXT.obj)' o en ''; se vinculará el objeto sin tener en cuenta información de depuración
soil2-debug.lib(image_helper.obj) : warning LNK4099: no se encontró PDB '' con 'soil2-debug.lib(image_helper.obj)' o en ''; se vinculará el objeto sin tener en cuenta información de depuración
soil2-debug.lib(SOIL2.obj) : warning LNK4099: no se encontró PDB '' con 'soil2-debug.lib(SOIL2.obj)' o en ''; se vinculará el objeto sin tener en cuenta información de depuración
  ProyectoFinal.vcxproj -> C:\Users\DELL\Documents\ProyectoCompuGrafica\Release\ProyectoFinal.exe
